2025-09-04 12:40:51,417 INFO o.a.j.u.JMeterUtils: Setting Locale to en_EN
2025-09-04 12:40:51,450 INFO o.a.j.JMeter: Loading user properties from: C:\apache-jmeter-5.6.3\bin\user.properties
2025-09-04 12:40:51,451 INFO o.a.j.JMeter: Loading system properties from: C:\apache-jmeter-5.6.3\bin\system.properties
2025-09-04 12:40:51,455 INFO o.a.j.JMeter: Copyright (c) 1998-2024 The Apache Software Foundation
2025-09-04 12:40:51,455 INFO o.a.j.JMeter: Version 5.6.3
2025-09-04 12:40:51,455 INFO o.a.j.JMeter: java.version=21.0.7
2025-09-04 12:40:51,455 INFO o.a.j.JMeter: java.vm.name=OpenJDK 64-Bit Server VM
2025-09-04 12:40:51,455 INFO o.a.j.JMeter: os.name=Windows 11
2025-09-04 12:40:51,455 INFO o.a.j.JMeter: os.arch=amd64
2025-09-04 12:40:51,455 INFO o.a.j.JMeter: os.version=10.0
2025-09-04 12:40:51,455 INFO o.a.j.JMeter: file.encoding=UTF-8
2025-09-04 12:40:51,456 INFO o.a.j.JMeter: java.awt.headless=null
2025-09-04 12:40:51,456 INFO o.a.j.JMeter: Max memory     =1073741824
2025-09-04 12:40:51,456 INFO o.a.j.JMeter: Available Processors =32
2025-09-04 12:40:51,464 INFO o.a.j.JMeter: Default Locale=English (EN)
2025-09-04 12:40:51,465 INFO o.a.j.JMeter: JMeter  Locale=English (EN)
2025-09-04 12:40:51,465 INFO o.a.j.JMeter: JMeterHome=C:\apache-jmeter-5.6.3
2025-09-04 12:40:51,465 INFO o.a.j.JMeter: user.dir  =C:\Development\jmeter-playwright
2025-09-04 12:40:51,465 INFO o.a.j.JMeter: PWD       =C:\Development\jmeter-playwright
2025-09-04 12:40:51,466 INFO o.a.j.JMeter: IP: 192.168.68.51 Name: WormForce FullName: host.docker.internal
2025-09-04 12:40:51,481 INFO o.a.j.JMeter: Loaded icon properties from org/apache/jmeter/images/icon.properties
2025-09-04 12:40:51,639 INFO o.a.j.JMeterGuiLauncher: Setting LAF to: com.github.weisj.darklaf.DarkLaf:com.github.weisj.darklaf.theme.DarculaTheme
2025-09-04 12:40:52,669 INFO o.a.j.r.ClassFinder: Will scan jar C:\apache-jmeter-5.6.3\lib\ext\jmeter-playwright-0.4.2.jar with filter ExtendsClassFilter [parents=[interface org.apache.jmeter.gui.action.Command], inner=false, contains=null, notContains=null]. Consider exposing JMeter plugins via META-INF/services, and add JMeter-Skip-Class-Scanning=true manifest attribute so JMeter can skip classfile scanning
2025-09-04 12:40:53,124 INFO o.a.j.r.ClassFinder: Will scan jar C:\apache-jmeter-5.6.3\lib\ext\jmeter-playwright-0.4.2.jar with filter ExtendsClassFilter [parents=[interface org.apache.jmeter.gui.plugin.MenuCreator], inner=false, contains=null, notContains=null]. Consider exposing JMeter plugins via META-INF/services, and add JMeter-Skip-Class-Scanning=true manifest attribute so JMeter can skip classfile scanning
